Arguments: 
  /usr/bin/node /usr/share/yarn/bin/yarn.js add tiktok-crawler --dev

PATH: 
  /home/marcelio/.ebcli-virtual-env/executables:/home/marcelio/.ebcli-virtual-env/executables:/home/marcelio/.local/bin:/usr/local/sbin:/usr/local/bin:/usr/sbin:/usr/bin:/sbin:/bin:/usr/games:/usr/local/games:/snap/bin:/home/marcelio/Android/Sdk/emulator:/home/marcelio/Android/Sdk/tools:/home/marcelio/Android/Sdk/tools/bin:/home/marcelio/Android/Sdk/platform-tools:/home/marcelio/Android/Sdk/platform-tools/systrace:~/.gradle/wrapper/dists/gradle-4.1-all/bzyivzo6n839fup2jbap0tjew/gradle-4.1/bin:~/.local/bin:/home/marcelio/Android/Sdk/emulator:/home/marcelio/Android/Sdk/tools:/home/marcelio/Android/Sdk/tools/bin:/home/marcelio/Android/Sdk/platform-tools:/home/marcelio/Android/Sdk/platform-tools/systrace:~/.gradle/wrapper/dists/gradle-4.1-all/bzyivzo6n839fup2jbap0tjew/gradle-4.1/bin:~/.local/bin

Yarn version: 
  1.22.5

Node version: 
  12.22.1

Platform: 
  linux x64

Trace: 
  Error: https://pkgs.dev.azure.com/DEVOPS-RCHLO/_packaging/DEVOPS-RCHLO/npm/registry/tiktok-crawler: NotFound
      at Request.params.callback [as _callback] (/usr/share/yarn/lib/cli.js:66988:18)
      at Request.self.callback (/usr/share/yarn/lib/cli.js:140749:22)
      at Request.emit (events.js:314:20)
      at Request.<anonymous> (/usr/share/yarn/lib/cli.js:141721:10)
      at Request.emit (events.js:314:20)
      at IncomingMessage.<anonymous> (/usr/share/yarn/lib/cli.js:141643:12)
      at Object.onceWrapper (events.js:420:28)
      at IncomingMessage.emit (events.js:326:22)
      at endReadableNT (_stream_readable.js:1241:12)
      at processTicksAndRejections (internal/process/task_queues.js:84:21)

npm manifest: 
  No manifest

yarn manifest: 
  No manifest

Lockfile: 
  No lockfile
